D:\VS\VS方案\DLL1\DLL1\RELEASE\DLL1.OBJ
D:\VS\VS方案\DLL1\DLL1\RELEASE\VC110.PDB
D:\VS\VS方案\DLL1\Release\DLL1.lib
D:\VS\VS方案\DLL1\Release\DLL1.exp
D:\VS\VS方案\DLL1\RELEASE\DLL1.DLL
D:\VS\VS方案\DLL1\RELEASE\DLL1.PDB
D:\VS\VS方案\DLL1\DLL1\Release\DLL1.obj
D:\VS\VS方案\DLL1\DLL1\Release\cl.command.1.tlog
D:\VS\VS方案\DLL1\DLL1\Release\CL.read.1.tlog
D:\VS\VS方案\DLL1\DLL1\Release\CL.write.1.tlog
D:\VS\VS方案\DLL1\DLL1\Release\DLL1.write.1.tlog
D:\VS\VS方案\DLL1\DLL1\Release\link-cvtres.read.1.tlog
D:\VS\VS方案\DLL1\DLL1\Release\link-cvtres.write.1.tlog
D:\VS\VS方案\DLL1\DLL1\Release\link-rc.read.1.tlog
D:\VS\VS方案\DLL1\DLL1\Release\link-rc.write.1.tlog
D:\VS\VS方案\DLL1\DLL1\Release\link.command.1.tlog
D:\VS\VS方案\DLL1\DLL1\Release\link.read.1.tlog
D:\VS\VS方案\DLL1\DLL1\Release\link.write.1.tlog
D:\VS\VS方案\DLL1\DLL1\Release\vc110.pdb
D:\VS\VS方案\DLL1\Release\DLL1.pdb
D:\VS\VS方案\DLL1\Release\DLL1.dll
